2025-02-08T13:01:58+00:00 DEBUG POST: https://ads.tiktok.com/marketing_api/api/developer/app/create_auto_approve/

{"business_platform":"PROD","smb_id":"tt4b_woocommerce_67a755c6bf321httpswordpress-dockerahusacloudwp-admin","smb_name":"PROD","redirect_url":"https:\/\/wordpress-docker.ahusa.cloud\/wp-admin\/"}
 ajax: no
2025-02-08T13:01:59+00:00 DEBUG Tt4b_Mapi_Class::create_open_source_app: Response: 

HTTP/1.1 200 OK
Content-Type: application/json
X-Tt-Logid: 202502081301580DB3A8A927919F70EFCE,202502081301580DB3A8A927919F70EFCE
Strict-Transport-Security: max-age=31536000; includeSubDomains
x-tt-trace-host: 01b0c6793cd1472a4dc1bfa0c3911029e8b390db384c38eb9d57f1ca798074efd701232cc3e6dacc85b720329c3a9deb506e7989e6a2def38ae0e158feaed9d77a4de99633b81d6dc039530c9b377582834611a537bc4c3f81764d88ccafab1cbc8e671993c57ee555468dcefff66e4e65
x-tt-trace-id: 00-2502081301580DB3A8A927919F70EFCE-67F8EC9482864748-00
Server: TLB
Content-Encoding: gzip
Content-Length: 213
X-Origin-Response-Time: 136,104.86.188.142
X-Akamai-Request-ID: fe02faf.13b15978
Date: Sat, 08 Feb 2025 13:01:59 GMT
X-Cache: TCP_MISS from a23-193-114-45.deploy.akamaitechnologies.com (AkamaiGHost/11.8.2-cebd4885bf42ba1e815e293c69ad1d4a) (-)
Connection: close
Vary: Accept-Encoding
X-Cache-Remote: TCP_MISS from a104-86-188-142.deploy.akamaitechnologies.com (AkamaiGHost/11.8.1-de3f14f61496290108a2a2f9b8fef027) (-)
x-tt-trace-tag: id=16;cdn-cache=miss;type=dyn
Server-Timing: cdn-cache; desc=MISS, edge; dur=21, origin; dur=136
Server-Timing: inner; dur=90
X-Parent-Response-Time: 155,23.193.114.45

{"code":0,"msg":"ok","data":{"redirect_uri":"https:\/\/wordpress-docker.ahusa.cloud\/wp-admin\/","app_id":"7469032822444097554","app_secret":"9aef3a1374f53ae83683bc8c74c19bcf1f4cc104","external_data_key":"0e87285e-22e6-4bd5-ab7b-778f27570cf0"}}
